[debug] [2017-09-29T18:55:07.229Z] ----------------------------------------------------------------------
[debug] [2017-09-29T18:55:07.232Z] Command:       /usr/local/bin/node /usr/local/bin/firebase deploy
[debug] [2017-09-29T18:55:07.233Z] CLI Version:   3.12.0
[debug] [2017-09-29T18:55:07.233Z] Platform:      linux
[debug] [2017-09-29T18:55:07.233Z] Node Version:  v6.11.3
[debug] [2017-09-29T18:55:07.233Z] Time:          Fri Sep 29 2017 13:55:07 GMT-0500 (-05)
[debug] [2017-09-29T18:55:07.233Z] ----------------------------------------------------------------------
[debug] 
[debug] [2017-09-29T18:55:07.274Z] > command requires scopes: ["email","openid","https://www.googleapis.com/auth/cloudplatformprojects.readonly","https://www.googleapis.com/auth/firebase","https://www.googleapis.com/auth/cloud-platform"]
[debug] [2017-09-29T18:55:07.275Z] > authorizing via signed-in user
[debug] [2017-09-29T18:55:07.280Z] > refreshing access token with scopes: ["email","https://www.googleapis.com/auth/cloud-platform","https://www.googleapis.com/auth/cloudplatformprojects.readonly","https://www.googleapis.com/auth/firebase","openid"]
[debug] [2017-09-29T18:55:07.281Z] >>> HTTP REQUEST POST https://www.googleapis.com/oauth2/v3/token { refresh_token: '1/Ym7h8mFaxjw9XeGSt9o6f0sAEtK1_SI837h8DT3Nt8r66jK5_VfGx7fZeYE1BQ25',
  client_id: '563584335869-fgrhgmd47bqnekij5i8b5pr03ho849e6.apps.googleusercontent.com',
  client_secret: 'j9iVZfS8kkCEFUPaAeJV0sAi',
  grant_type: 'refresh_token',
  scope: 'email https://www.googleapis.com/auth/cloud-platform https://www.googleapis.com/auth/cloudplatformprojects.readonly https://www.googleapis.com/auth/firebase openid' } 
 Fri Sep 29 2017 13:55:07 GMT-0500 (-05)
[debug] [2017-09-29T18:55:07.828Z] <<< HTTP RESPONSE 200
[debug] [2017-09-29T18:55:07.902Z] >>> HTTP REQUEST GET https://admin.firebase.com/v1/projects/yunga-sr  
 Fri Sep 29 2017 13:55:07 GMT-0500 (-05)
[debug] [2017-09-29T18:55:08.806Z] <<< HTTP RESPONSE 200
[debug] [2017-09-29T18:55:08.808Z] >>> HTTP REQUEST GET https://admin.firebase.com/v1/database/yunga-sr/tokens  
 Fri Sep 29 2017 13:55:08 GMT-0500 (-05)
[debug] [2017-09-29T18:55:09.536Z] <<< HTTP RESPONSE 200
[info] 
[info] === Deploying to 'yunga-sr'...
[info] 
[info] i  deploying hosting
[info] i  hosting: preparing ./dist directory for upload...
[debug] [2017-09-29T18:55:12.200Z] >>> HTTP REQUEST PUT https://deploy.firebase.com/v1/hosting/yunga-sr/uploads/-KvDzXbXB91htMIRIwbw?fileCount=33&message=  
 Fri Sep 29 2017 13:55:12 GMT-0500 (-05)
[debug] [2017-09-29T18:56:34.988Z] <<< HTTP RESPONSE 504
[debug] [2017-09-29T18:56:34.989Z] <<< HTTP RESPONSE BODY undefined
[debug] [2017-09-29T18:56:34.990Z] TypeError: Cannot read property 'error' of undefined
    at module.exports (/usr/local/lib/node_modules/firebase-tools/lib/responseToError.js:10:12)
    at Request._callback (/usr/local/lib/node_modules/firebase-tools/lib/api.js:43:25)
    at Request.self.callback (/usr/local/lib/node_modules/firebase-tools/node_modules/request/request.js:188:22)
    at emitTwo (events.js:106:13)
    at Request.emit (events.js:191:7)
    at Request.<anonymous> (/usr/local/lib/node_modules/firebase-tools/node_modules/request/request.js:1171:10)
    at emitOne (events.js:96:13)
    at Request.emit (events.js:188:7)
    at IncomingMessage.<anonymous> (/usr/local/lib/node_modules/firebase-tools/node_modules/request/request.js:1091:12)
    at IncomingMessage.g (events.js:292:16)
[error] 
[error] Error: An unexpected error has occurred.
[debug] [2017-09-29T18:56:46.420Z] ----------------------------------------------------------------------
[debug] [2017-09-29T18:56:46.422Z] Command:       /usr/local/bin/node /usr/local/bin/firebase deploy
[debug] [2017-09-29T18:56:46.423Z] CLI Version:   3.12.0
[debug] [2017-09-29T18:56:46.423Z] Platform:      linux
[debug] [2017-09-29T18:56:46.423Z] Node Version:  v6.11.3
[debug] [2017-09-29T18:56:46.423Z] Time:          Fri Sep 29 2017 13:56:46 GMT-0500 (-05)
[debug] [2017-09-29T18:56:46.423Z] ----------------------------------------------------------------------
[debug] 
[debug] [2017-09-29T18:56:46.434Z] > command requires scopes: ["email","openid","https://www.googleapis.com/auth/cloudplatformprojects.readonly","https://www.googleapis.com/auth/firebase","https://www.googleapis.com/auth/cloud-platform"]
[debug] [2017-09-29T18:56:46.434Z] > authorizing via signed-in user
[debug] [2017-09-29T18:56:46.436Z] >>> HTTP REQUEST GET https://admin.firebase.com/v1/projects/yunga-sr  
 Fri Sep 29 2017 13:56:46 GMT-0500 (-05)
[debug] [2017-09-29T18:56:47.236Z] <<< HTTP RESPONSE 200
[debug] [2017-09-29T18:56:47.238Z] >>> HTTP REQUEST GET https://admin.firebase.com/v1/database/yunga-sr/tokens  
 Fri Sep 29 2017 13:56:47 GMT-0500 (-05)
[debug] [2017-09-29T18:56:48.069Z] <<< HTTP RESPONSE 200
[info] 
[info] === Deploying to 'yunga-sr'...
[info] 
[info] i  deploying hosting
[info] i  hosting: preparing ./dist directory for upload...
[debug] [2017-09-29T18:56:50.883Z] >>> HTTP REQUEST PUT https://deploy.firebase.com/v1/hosting/yunga-sr/uploads/-KvDzug6AsLJaUCUCZYT?fileCount=33&message=  
 Fri Sep 29 2017 13:56:50 GMT-0500 (-05)
